FILE_TYPE=LIBRARY_PARTS;
PRIMITIVE 'LTV_814S','LTV_814S_Small Outline Packages';
  PIN
    'ANODE_CATHODE':
      PIN_NUMBER='(1)';
      NO_LOAD_CHECK=BOTH;
      NO_IO_CHECK=BOTH;
      ALLOW_CONNECT=TRUE;
      PINUSE='INPUT';
    'CATHODE_ANODE':
      PIN_NUMBER='(2)';
      NO_LOAD_CHECK=BOTH;
      NO_IO_CHECK=BOTH;
      ALLOW_CONNECT=TRUE;
      PINUSE='INPUT';
    'COLLECTOR':
      PIN_NUMBER='(4)';
      NO_LOAD_CHECK=BOTH;
      NO_IO_CHECK=BOTH;
      ALLOW_CONNECT=TRUE;
      PINUSE='OUTPUT';
    'EMITTER':
      PIN_NUMBER='(3)';
      NO_LOAD_CHECK=BOTH;
      NO_IO_CHECK=BOTH;
      ALLOW_CONNECT=TRUE;
      PINUSE='OUTPUT';
  END_PIN;
  BODY
    PART_NAME='LTV_814S';
    PHYS_DES_PREFIX='HY';
    NO_LOAD_CHECK='TRUE';
    PIN_COUNT='4';
    BODY_NAME='LTV_814S';
    JEDEC_TYPE='SOP254P1016X460-4N';
  END_BODY;
END_PRIMITIVE;
END.
